2026-02-28 22:33:13 [main] INFO  [] c.a.d.DoctorServiceApplication - Starting DoctorServiceApplication using Java 24.0.2 with PID 17064 (D:\Java Full Stack & Devops\Projects\Doctor Appointment System Feature2\Doctor-Appointment\doctor-service\target\classes started by jiten in D:\Java Full Stack & Devops\Projects\Doctor Appointment System Feature2\Doctor-Appointment)
2026-02-28 22:33:13 [main] DEBUG [] c.a.d.DoctorServiceApplication - Running with Spring Boot v3.5.9, Spring v6.2.15
2026-02-28 22:33:13 [main] INFO  [] c.a.d.DoctorServiceApplication - No active profile set, falling back to 1 default profile: "default"
2026-02-28 22:33:14 [main] DEBUG [] i.g.r.s.u.RxJava2OnClasspathCondition - RxJava2 related Aspect extensions are not activated, because RxJava2 is not on the classpath.
2026-02-28 22:33:14 [main] DEBUG [] i.g.r.s.u.ReactorOnClasspathCondition - Reactor related Aspect extensions are not activated because Resilience4j Reactor module is not on the classpath.
2026-02-28 22:33:14 [main] DEBUG [] i.g.r.s.u.RxJava2OnClasspathCondition - RxJava2 related Aspect extensions are not activated, because RxJava2 is not on the classpath.
2026-02-28 22:33:14 [main] DEBUG [] i.g.r.s.u.ReactorOnClasspathCondition - Reactor related Aspect extensions are not activated because Resilience4j Reactor module is not on the classpath.
2026-02-28 22:33:14 [main] DEBUG [] i.g.r.s.u.RxJava2OnClasspathCondition - RxJava2 related Aspect extensions are not activated, because RxJava2 is not on the classpath.
2026-02-28 22:33:14 [main] DEBUG [] i.g.r.s.u.ReactorOnClasspathCondition - Reactor related Aspect extensions are not activated because Resilience4j Reactor module is not on the classpath.
2026-02-28 22:33:14 [main] DEBUG [] i.g.r.s.u.RxJava2OnClasspathCondition - RxJava2 related Aspect extensions are not activated, because RxJava2 is not on the classpath.
2026-02-28 22:33:14 [main] DEBUG [] i.g.r.s.u.ReactorOnClasspathCondition - Reactor related Aspect extensions are not activated because Resilience4j Reactor module is not on the classpath.
2026-02-28 22:33:14 [main] DEBUG [] i.g.r.s.u.RxJava2OnClasspathCondition - RxJava2 related Aspect extensions are not activated, because RxJava2 is not on the classpath.
2026-02-28 22:33:14 [main] DEBUG [] i.g.r.s.u.ReactorOnClasspathCondition - Reactor related Aspect extensions are not activated because Resilience4j Reactor module is not on the classpath.
2026-02-28 22:33:14 [main] DEBUG [] i.g.r.s.u.RxJava2OnClasspathCondition - RxJava2 related Aspect extensions are not activated, because RxJava2 is not on the classpath.
2026-02-28 22:33:14 [main] DEBUG [] i.g.r.s.u.ReactorOnClasspathCondition - Reactor related Aspect extensions are not activated because Resilience4j Reactor module is not on the classpath.
2026-02-28 22:33:15 [main] INFO  [] o.s.d.r.c.RepositoryConfigurationDelegate - Bootstrapping Spring Data JPA repositories in DEFAULT mode.
2026-02-28 22:33:15 [main] INFO  [] o.s.d.r.c.RepositoryConfigurationDelegate - Finished Spring Data repository scanning in 180 ms. Found 3 JPA repository interfaces.
2026-02-28 22:33:15 [main] INFO  [] o.s.cloud.context.scope.GenericScope - BeanFactory id=c659ab5d-16ef-34a3-8e9c-2103b22b2438
2026-02-28 22:33:17 [main] INFO  [] o.s.b.w.e.tomcat.TomcatWebServer - Tomcat initialized with port 8082 (http)
2026-02-28 22:33:17 [main] INFO  [] o.a.catalina.core.StandardService - Starting service [Tomcat]
2026-02-28 22:33:17 [main] INFO  [] o.a.catalina.core.StandardEngine - Starting Servlet engine: [Apache Tomcat/10.1.50]
2026-02-28 22:33:17 [main] INFO  [] o.a.c.c.C.[Tomcat].[localhost].[/] - Initializing Spring embedded WebApplicationContext
2026-02-28 22:33:17 [main] INFO  [] o.s.b.w.s.c.ServletWebServerApplicationContext - Root WebApplicationContext: initialization completed in 4042 ms
2026-02-28 22:33:18 [main] INFO  [] o.h.jpa.internal.util.LogHelper - HHH000204: Processing PersistenceUnitInfo [name: default]
2026-02-28 22:33:18 [main] INFO  [] org.hibernate.Version - HHH000412: Hibernate ORM core version 6.6.39.Final
2026-02-28 22:33:18 [main] INFO  [] o.h.c.i.RegionFactoryInitiator - HHH000026: Second-level cache disabled
2026-02-28 22:33:18 [main] INFO  [] o.s.o.j.p.SpringPersistenceUnitInfo - No LoadTimeWeaver setup: ignoring JPA class transformer
2026-02-28 22:33:18 [main] INFO  [] com.zaxxer.hikari.HikariDataSource - HikariPool-1 - Starting...
2026-02-28 22:33:19 [main] INFO  [] com.zaxxer.hikari.pool.HikariPool - HikariPool-1 - Added connection com.mysql.cj.jdbc.ConnectionImpl@1e37cb10
2026-02-28 22:33:19 [main] INFO  [] com.zaxxer.hikari.HikariDataSource - HikariPool-1 - Start completed.
2026-02-28 22:33:19 [main] WARN  [] org.hibernate.orm.deprecation - HHH90000025: MySQLDialect does not need to be specified explicitly using 'hibernate.dialect' (remove the property setting and it will be selected by default)
2026-02-28 22:33:19 [main] INFO  [] o.hibernate.orm.connections.pooling - HHH10001005: Database info:
	Database JDBC URL [Connecting through datasource 'HikariDataSource (HikariPool-1)']
	Database driver: undefined/unknown
	Database version: 8.0.43
	Autocommit mode: undefined/unknown
	Isolation level: undefined/unknown
	Minimum pool size: undefined/unknown
	Maximum pool size: undefined/unknown
2026-02-28 22:33:20 [main] INFO  [] o.h.e.t.j.p.i.JtaPlatformInitiator - HHH000489: No JTA platform available (set 'hibernate.transaction.jta.platform' to enable JTA platform integration)
2026-02-28 22:33:20 [main] INFO  [] o.s.o.j.LocalContainerEntityManagerFactoryBean - Initialized JPA EntityManagerFactory for persistence unit 'default'
2026-02-28 22:33:22 [main] WARN  [] o.s.b.a.o.j.JpaBaseConfiguration$JpaWebConfiguration - spring.jpa.open-in-view is enabled by default. Therefore, database queries may be performed during view rendering. Explicitly configure spring.jpa.open-in-view to disable this warning
2026-02-28 22:33:23 [main] INFO  [] o.s.cloud.commons.util.InetUtils - Cannot determine local hostname
2026-02-28 22:33:23 [main] INFO  [] o.s.b.a.e.web.EndpointLinksResolver - Exposing 5 endpoints beneath base path '/actuator'
2026-02-28 22:33:24 [main] INFO  [] o.s.v.b.OptionalValidatorFactoryBean - Failed to set up a Bean Validation provider: jakarta.validation.NoProviderFoundException: Unable to create a Configuration, because no Jakarta Bean Validation provider could be found. Add a provider like Hibernate Validator (RI) to your classpath.
2026-02-28 22:33:26 [main] INFO  [] o.s.cloud.commons.util.InetUtils - Cannot determine local hostname
2026-02-28 22:33:26 [main] INFO  [] o.s.c.n.e.c.DiscoveryClientOptionalArgsConfiguration - Eureka HTTP Client uses RestTemplate.
2026-02-28 22:33:26 [main] WARN  [] o.s.c.l.c.LoadBalancerCacheAutoConfiguration$LoadBalancerCaffeineWarnLogger - Spring Cloud LoadBalancer is currently working with the default cache. While this cache implementation is useful for development and tests, it's recommended to use Caffeine cache in production.You can switch to using Caffeine cache, by adding it and org.springframework.cache.caffeine.CaffeineCacheManager to the classpath.
2026-02-28 22:33:26 [main] INFO  [] o.s.c.n.eureka.InstanceInfoFactory - Setting initial instance status as: STARTING
2026-02-28 22:33:26 [main] INFO  [] c.netflix.discovery.DiscoveryClient - Initializing Eureka in region us-east-1
2026-02-28 22:33:26 [main] INFO  [] c.n.d.s.r.aws.ConfigClusterResolver - Resolving eureka endpoints via configuration
2026-02-28 22:33:26 [main] INFO  [] c.netflix.discovery.DiscoveryClient - Disable delta property : false
2026-02-28 22:33:26 [main] INFO  [] c.netflix.discovery.DiscoveryClient - Single vip registry refresh property : null
2026-02-28 22:33:26 [main] INFO  [] c.netflix.discovery.DiscoveryClient - Force full registry fetch : false
2026-02-28 22:33:26 [main] INFO  [] c.netflix.discovery.DiscoveryClient - Application is null : false
2026-02-28 22:33:26 [main] INFO  [] c.netflix.discovery.DiscoveryClient - Registered Applications size is zero : true
2026-02-28 22:33:26 [main] INFO  [] c.netflix.discovery.DiscoveryClient - Application version is -1: true
2026-02-28 22:33:26 [main] INFO  [] c.netflix.discovery.DiscoveryClient - Getting all instance registry info from the eureka server
2026-02-28 22:33:27 [main] INFO  [] c.netflix.discovery.DiscoveryClient - The response status is 200
2026-02-28 22:33:27 [main] INFO  [] c.netflix.discovery.DiscoveryClient - Starting heartbeat executor: renew interval is: 30
2026-02-28 22:33:27 [main] INFO  [] c.n.discovery.InstanceInfoReplicator - InstanceInfoReplicator onDemand update allowed rate per min is 4
2026-02-28 22:33:27 [main] INFO  [] c.netflix.discovery.DiscoveryClient - Discovery Client initialized at timestamp 1772298207389 with initial instances count: 1
2026-02-28 22:33:27 [main] INFO  [] o.s.c.n.e.s.EurekaServiceRegistry - Registering application DOCTOR-SERVICE with eureka with status UP
2026-02-28 22:33:27 [main] INFO  [] c.netflix.discovery.DiscoveryClient - Saw local status change event StatusChangeEvent [timestamp=1772298207403, current=UP, previous=STARTING]
2026-02-28 22:33:27 [DiscoveryClient-InstanceInfoReplicator-%d] INFO  [] c.netflix.discovery.DiscoveryClient - DiscoveryClient_DOCTOR-SERVICE/localhost:doctor-service:8082: registering service...
2026-02-28 22:33:27 [main] INFO  [] o.s.b.w.e.tomcat.TomcatWebServer - Tomcat started on port 8082 (http) with context path '/'
2026-02-28 22:33:27 [main] INFO  [] o.s.c.n.e.s.EurekaAutoServiceRegistration - Updating port to 8082
2026-02-28 22:33:27 [DiscoveryClient-InstanceInfoReplicator-%d] INFO  [] c.netflix.discovery.DiscoveryClient - DiscoveryClient_DOCTOR-SERVICE/localhost:doctor-service:8082 - registration status: 204
2026-02-28 22:33:28 [main] INFO  [] o.s.cloud.commons.util.InetUtils - Cannot determine local hostname
2026-02-28 22:33:28 [main] INFO  [] c.a.d.DoctorServiceApplication - Started DoctorServiceApplication in 17.257 seconds (process running for 18.631)
2026-02-28 22:38:26 [AsyncResolver-bootstrap-executor-%d] INFO  [] c.n.d.s.r.aws.ConfigClusterResolver - Resolving eureka endpoints via configuration
2026-02-28 22:40:48 [http-nio-8082-exec-1] INFO  [] o.a.c.c.C.[Tomcat].[localhost].[/] - Initializing Spring DispatcherServlet 'dispatcherServlet'
2026-02-28 22:40:48 [http-nio-8082-exec-1] INFO  [] o.s.web.servlet.DispatcherServlet - Initializing Servlet 'dispatcherServlet'
2026-02-28 22:40:48 [http-nio-8082-exec-1] INFO  [] o.s.web.servlet.DispatcherServlet - Completed initialization in 1 ms
2026-02-28 22:40:48 [http-nio-8082-exec-1] DEBUG [] c.a.d.service.DoctorService - 🔍 Fetching doctor | id=4
2026-02-28 22:41:19 [http-nio-8082-exec-2] DEBUG [] c.a.d.service.DoctorService - 🔍 Fetching doctor | id=1
2026-02-28 22:42:19 [SpringApplicationShutdownHook] INFO  [] o.s.c.n.e.s.EurekaServiceRegistry - Unregistering application DOCTOR-SERVICE with eureka with status DOWN
2026-02-28 22:42:19 [SpringApplicationShutdownHook] INFO  [] c.netflix.discovery.DiscoveryClient - Saw local status change event StatusChangeEvent [timestamp=1772298739771, current=DOWN, previous=UP]
2026-02-28 22:42:19 [DiscoveryClient-InstanceInfoReplicator-%d] INFO  [] c.netflix.discovery.DiscoveryClient - DiscoveryClient_DOCTOR-SERVICE/localhost:doctor-service:8082: registering service...
2026-02-28 22:42:19 [SpringApplicationShutdownHook] INFO  [] o.s.b.w.e.tomcat.GracefulShutdown - Commencing graceful shutdown. Waiting for active requests to complete
2026-02-28 22:42:19 [DiscoveryClient-InstanceInfoReplicator-%d] INFO  [] c.netflix.discovery.DiscoveryClient - DiscoveryClient_DOCTOR-SERVICE/localhost:doctor-service:8082 - registration status: 204
2026-02-28 22:42:19 [tomcat-shutdown] INFO  [] o.s.b.w.e.tomcat.GracefulShutdown - Graceful shutdown complete
2026-02-28 22:42:19 [SpringApplicationShutdownHook] INFO  [] o.s.o.j.LocalContainerEntityManagerFactoryBean - Closing JPA EntityManagerFactory for persistence unit 'default'
2026-02-28 22:42:19 [SpringApplicationShutdownHook] INFO  [] com.zaxxer.hikari.HikariDataSource - HikariPool-1 - Shutdown initiated...
2026-02-28 22:42:19 [SpringApplicationShutdownHook] INFO  [] com.zaxxer.hikari.HikariDataSource - HikariPool-1 - Shutdown completed.
2026-02-28 22:42:19 [SpringApplicationShutdownHook] INFO  [] c.netflix.discovery.DiscoveryClient - Shutting down DiscoveryClient ...
2026-02-28 22:42:22 [SpringApplicationShutdownHook] INFO  [] c.netflix.discovery.DiscoveryClient - Unregistering ...
2026-02-28 22:42:22 [SpringApplicationShutdownHook] INFO  [] c.netflix.discovery.DiscoveryClient - DiscoveryClient_DOCTOR-SERVICE/localhost:doctor-service:8082 - deregister  status: 200
2026-02-28 22:42:22 [SpringApplicationShutdownHook] INFO  [] c.netflix.discovery.DiscoveryClient - Completed shut down of DiscoveryClient
2026-02-28 22:42:29 [main] INFO  [] c.a.d.DoctorServiceApplication - Starting DoctorServiceApplication using Java 24.0.2 with PID 22632 (D:\Java Full Stack & Devops\Projects\Doctor Appointment System Feature2\Doctor-Appointment\doctor-service\target\classes started by jiten in D:\Java Full Stack & Devops\Projects\Doctor Appointment System Feature2\Doctor-Appointment)
2026-02-28 22:42:29 [main] DEBUG [] c.a.d.DoctorServiceApplication - Running with Spring Boot v3.5.9, Spring v6.2.15
2026-02-28 22:42:29 [main] INFO  [] c.a.d.DoctorServiceApplication - No active profile set, falling back to 1 default profile: "default"
2026-02-28 22:42:30 [main] DEBUG [] i.g.r.s.u.RxJava2OnClasspathCondition - RxJava2 related Aspect extensions are not activated, because RxJava2 is not on the classpath.
2026-02-28 22:42:30 [main] DEBUG [] i.g.r.s.u.ReactorOnClasspathCondition - Reactor related Aspect extensions are not activated because Resilience4j Reactor module is not on the classpath.
2026-02-28 22:42:30 [main] DEBUG [] i.g.r.s.u.RxJava2OnClasspathCondition - RxJava2 related Aspect extensions are not activated, because RxJava2 is not on the classpath.
2026-02-28 22:42:30 [main] DEBUG [] i.g.r.s.u.ReactorOnClasspathCondition - Reactor related Aspect extensions are not activated because Resilience4j Reactor module is not on the classpath.
2026-02-28 22:42:31 [main] DEBUG [] i.g.r.s.u.RxJava2OnClasspathCondition - RxJava2 related Aspect extensions are not activated, because RxJava2 is not on the classpath.
2026-02-28 22:42:31 [main] DEBUG [] i.g.r.s.u.ReactorOnClasspathCondition - Reactor related Aspect extensions are not activated because Resilience4j Reactor module is not on the classpath.
2026-02-28 22:42:31 [main] DEBUG [] i.g.r.s.u.RxJava2OnClasspathCondition - RxJava2 related Aspect extensions are not activated, because RxJava2 is not on the classpath.
2026-02-28 22:42:31 [main] DEBUG [] i.g.r.s.u.ReactorOnClasspathCondition - Reactor related Aspect extensions are not activated because Resilience4j Reactor module is not on the classpath.
2026-02-28 22:42:31 [main] DEBUG [] i.g.r.s.u.RxJava2OnClasspathCondition - RxJava2 related Aspect extensions are not activated, because RxJava2 is not on the classpath.
2026-02-28 22:42:31 [main] DEBUG [] i.g.r.s.u.ReactorOnClasspathCondition - Reactor related Aspect extensions are not activated because Resilience4j Reactor module is not on the classpath.
2026-02-28 22:42:31 [main] DEBUG [] i.g.r.s.u.RxJava2OnClasspathCondition - RxJava2 related Aspect extensions are not activated, because RxJava2 is not on the classpath.
2026-02-28 22:42:31 [main] DEBUG [] i.g.r.s.u.ReactorOnClasspathCondition - Reactor related Aspect extensions are not activated because Resilience4j Reactor module is not on the classpath.
2026-02-28 22:42:32 [main] INFO  [] o.s.d.r.c.RepositoryConfigurationDelegate - Bootstrapping Spring Data JPA repositories in DEFAULT mode.
2026-02-28 22:42:32 [main] INFO  [] o.s.d.r.c.RepositoryConfigurationDelegate - Finished Spring Data repository scanning in 338 ms. Found 3 JPA repository interfaces.
2026-02-28 22:42:33 [main] INFO  [] o.s.cloud.context.scope.GenericScope - BeanFactory id=c659ab5d-16ef-34a3-8e9c-2103b22b2438
2026-02-28 22:42:34 [main] INFO  [] o.s.b.w.e.tomcat.TomcatWebServer - Tomcat initialized with port 8082 (http)
2026-02-28 22:42:34 [main] INFO  [] o.a.catalina.core.StandardService - Starting service [Tomcat]
2026-02-28 22:42:34 [main] INFO  [] o.a.catalina.core.StandardEngine - Starting Servlet engine: [Apache Tomcat/10.1.50]
2026-02-28 22:42:34 [main] INFO  [] o.a.c.c.C.[Tomcat].[localhost].[/] - Initializing Spring embedded WebApplicationContext
2026-02-28 22:42:34 [main] INFO  [] o.s.b.w.s.c.ServletWebServerApplicationContext - Root WebApplicationContext: initialization completed in 5382 ms
2026-02-28 22:42:36 [main] INFO  [] o.h.jpa.internal.util.LogHelper - HHH000204: Processing PersistenceUnitInfo [name: default]
2026-02-28 22:42:36 [main] INFO  [] org.hibernate.Version - HHH000412: Hibernate ORM core version 6.6.39.Final
2026-02-28 22:42:36 [main] INFO  [] o.h.c.i.RegionFactoryInitiator - HHH000026: Second-level cache disabled
2026-02-28 22:42:36 [main] INFO  [] o.s.o.j.p.SpringPersistenceUnitInfo - No LoadTimeWeaver setup: ignoring JPA class transformer
2026-02-28 22:42:37 [main] INFO  [] com.zaxxer.hikari.HikariDataSource - HikariPool-1 - Starting...
2026-02-28 22:42:37 [main] INFO  [] com.zaxxer.hikari.pool.HikariPool - HikariPool-1 - Added connection com.mysql.cj.jdbc.ConnectionImpl@5ae67f05
2026-02-28 22:42:37 [main] INFO  [] com.zaxxer.hikari.HikariDataSource - HikariPool-1 - Start completed.
2026-02-28 22:42:37 [main] WARN  [] org.hibernate.orm.deprecation - HHH90000025: MySQLDialect does not need to be specified explicitly using 'hibernate.dialect' (remove the property setting and it will be selected by default)
2026-02-28 22:42:37 [main] INFO  [] o.hibernate.orm.connections.pooling - HHH10001005: Database info:
	Database JDBC URL [Connecting through datasource 'HikariDataSource (HikariPool-1)']
	Database driver: undefined/unknown
	Database version: 8.0.45
	Autocommit mode: undefined/unknown
	Isolation level: undefined/unknown
	Minimum pool size: undefined/unknown
	Maximum pool size: undefined/unknown
2026-02-28 22:42:39 [main] INFO  [] o.h.e.t.j.p.i.JtaPlatformInitiator - HHH000489: No JTA platform available (set 'hibernate.transaction.jta.platform' to enable JTA platform integration)
2026-02-28 22:42:39 [main] INFO  [] o.s.o.j.LocalContainerEntityManagerFactoryBean - Initialized JPA EntityManagerFactory for persistence unit 'default'
2026-02-28 22:42:40 [main] WARN  [] o.s.b.a.o.j.JpaBaseConfiguration$JpaWebConfiguration - spring.jpa.open-in-view is enabled by default. Therefore, database queries may be performed during view rendering. Explicitly configure spring.jpa.open-in-view to disable this warning
2026-02-28 22:42:43 [main] INFO  [] o.s.cloud.commons.util.InetUtils - Cannot determine local hostname
2026-02-28 22:42:43 [main] INFO  [] o.s.b.a.e.web.EndpointLinksResolver - Exposing 5 endpoints beneath base path '/actuator'
2026-02-28 22:42:44 [main] INFO  [] o.s.v.b.OptionalValidatorFactoryBean - Failed to set up a Bean Validation provider: jakarta.validation.NoProviderFoundException: Unable to create a Configuration, because no Jakarta Bean Validation provider could be found. Add a provider like Hibernate Validator (RI) to your classpath.
2026-02-28 22:42:46 [main] INFO  [] o.s.cloud.commons.util.InetUtils - Cannot determine local hostname
2026-02-28 22:42:46 [main] INFO  [] o.s.c.n.e.c.DiscoveryClientOptionalArgsConfiguration - Eureka HTTP Client uses RestTemplate.
2026-02-28 22:42:46 [main] WARN  [] o.s.c.l.c.LoadBalancerCacheAutoConfiguration$LoadBalancerCaffeineWarnLogger - Spring Cloud LoadBalancer is currently working with the default cache. While this cache implementation is useful for development and tests, it's recommended to use Caffeine cache in production.You can switch to using Caffeine cache, by adding it and org.springframework.cache.caffeine.CaffeineCacheManager to the classpath.
2026-02-28 22:42:46 [main] INFO  [] o.s.c.n.eureka.InstanceInfoFactory - Setting initial instance status as: STARTING
2026-02-28 22:42:46 [main] INFO  [] c.netflix.discovery.DiscoveryClient - Initializing Eureka in region us-east-1
2026-02-28 22:42:46 [main] INFO  [] c.n.d.s.r.aws.ConfigClusterResolver - Resolving eureka endpoints via configuration
2026-02-28 22:42:46 [main] INFO  [] c.netflix.discovery.DiscoveryClient - Disable delta property : false
2026-02-28 22:42:46 [main] INFO  [] c.netflix.discovery.DiscoveryClient - Single vip registry refresh property : null
2026-02-28 22:42:46 [main] INFO  [] c.netflix.discovery.DiscoveryClient - Force full registry fetch : false
2026-02-28 22:42:46 [main] INFO  [] c.netflix.discovery.DiscoveryClient - Application is null : false
2026-02-28 22:42:46 [main] INFO  [] c.netflix.discovery.DiscoveryClient - Registered Applications size is zero : true
2026-02-28 22:42:46 [main] INFO  [] c.netflix.discovery.DiscoveryClient - Application version is -1: true
2026-02-28 22:42:46 [main] INFO  [] c.netflix.discovery.DiscoveryClient - Getting all instance registry info from the eureka server
2026-02-28 22:42:47 [main] INFO  [] c.netflix.discovery.DiscoveryClient - The response status is 200
2026-02-28 22:42:47 [main] INFO  [] c.netflix.discovery.DiscoveryClient - Starting heartbeat executor: renew interval is: 30
2026-02-28 22:42:47 [main] INFO  [] c.n.discovery.InstanceInfoReplicator - InstanceInfoReplicator onDemand update allowed rate per min is 4
2026-02-28 22:42:47 [main] INFO  [] c.netflix.discovery.DiscoveryClient - Discovery Client initialized at timestamp 1772298767749 with initial instances count: 2
2026-02-28 22:42:47 [main] INFO  [] o.s.c.n.e.s.EurekaServiceRegistry - Registering application DOCTOR-SERVICE with eureka with status UP
2026-02-28 22:42:47 [main] INFO  [] c.netflix.discovery.DiscoveryClient - Saw local status change event StatusChangeEvent [timestamp=1772298767798, current=UP, previous=STARTING]
2026-02-28 22:42:47 [DiscoveryClient-InstanceInfoReplicator-%d] INFO  [] c.netflix.discovery.DiscoveryClient - DiscoveryClient_DOCTOR-SERVICE/localhost:doctor-service:8082: registering service...
2026-02-28 22:42:47 [main] INFO  [] o.s.b.w.e.tomcat.TomcatWebServer - Tomcat started on port 8082 (http) with context path '/'
2026-02-28 22:42:47 [main] INFO  [] o.s.c.n.e.s.EurekaAutoServiceRegistration - Updating port to 8082
2026-02-28 22:42:48 [DiscoveryClient-InstanceInfoReplicator-%d] INFO  [] c.netflix.discovery.DiscoveryClient - DiscoveryClient_DOCTOR-SERVICE/localhost:doctor-service:8082 - registration status: 204
2026-02-28 22:42:49 [main] INFO  [] o.s.cloud.commons.util.InetUtils - Cannot determine local hostname
2026-02-28 22:42:49 [main] INFO  [] c.a.d.DoctorServiceApplication - Started DoctorServiceApplication in 22.004 seconds (process running for 23.098)
2026-02-28 22:45:27 [http-nio-8082-exec-1] INFO  [] o.a.c.c.C.[Tomcat].[localhost].[/] - Initializing Spring DispatcherServlet 'dispatcherServlet'
2026-02-28 22:45:27 [http-nio-8082-exec-1] INFO  [] o.s.web.servlet.DispatcherServlet - Initializing Servlet 'dispatcherServlet'
2026-02-28 22:45:27 [http-nio-8082-exec-1] INFO  [] o.s.web.servlet.DispatcherServlet - Completed initialization in 2 ms
2026-02-28 22:45:27 [http-nio-8082-exec-1] DEBUG [] c.a.d.service.DoctorService - 🔍 Fetching doctor | id=4
2026-02-28 22:47:46 [AsyncResolver-bootstrap-executor-%d] INFO  [] c.n.d.s.r.aws.ConfigClusterResolver - Resolving eureka endpoints via configuration
2026-02-28 22:52:46 [AsyncResolver-bootstrap-executor-%d] INFO  [] c.n.d.s.r.aws.ConfigClusterResolver - Resolving eureka endpoints via configuration
2026-02-28 22:57:46 [AsyncResolver-bootstrap-executor-%d] INFO  [] c.n.d.s.r.aws.ConfigClusterResolver - Resolving eureka endpoints via configuration
2026-02-28 22:57:51 [SpringApplicationShutdownHook] INFO  [] o.s.c.n.e.s.EurekaServiceRegistry - Unregistering application DOCTOR-SERVICE with eureka with status DOWN
2026-02-28 22:57:51 [SpringApplicationShutdownHook] INFO  [] c.netflix.discovery.DiscoveryClient - Saw local status change event StatusChangeEvent [timestamp=1772299671541, current=DOWN, previous=UP]
2026-02-28 22:57:51 [DiscoveryClient-InstanceInfoReplicator-%d] INFO  [] c.netflix.discovery.DiscoveryClient - DiscoveryClient_DOCTOR-SERVICE/localhost:doctor-service:8082: registering service...
2026-02-28 22:57:51 [DiscoveryClient-InstanceInfoReplicator-%d] INFO  [] c.netflix.discovery.DiscoveryClient - DiscoveryClient_DOCTOR-SERVICE/localhost:doctor-service:8082 - registration status: 204
2026-02-28 22:57:51 [SpringApplicationShutdownHook] INFO  [] o.s.b.w.e.tomcat.GracefulShutdown - Commencing graceful shutdown. Waiting for active requests to complete
2026-02-28 22:57:51 [tomcat-shutdown] INFO  [] o.s.b.w.e.tomcat.GracefulShutdown - Graceful shutdown complete
2026-02-28 22:57:51 [SpringApplicationShutdownHook] INFO  [] o.s.o.j.LocalContainerEntityManagerFactoryBean - Closing JPA EntityManagerFactory for persistence unit 'default'
2026-02-28 22:57:51 [SpringApplicationShutdownHook] INFO  [] com.zaxxer.hikari.HikariDataSource - HikariPool-1 - Shutdown initiated...
2026-02-28 22:57:51 [SpringApplicationShutdownHook] INFO  [] com.zaxxer.hikari.HikariDataSource - HikariPool-1 - Shutdown completed.
2026-02-28 22:57:51 [SpringApplicationShutdownHook] INFO  [] c.netflix.discovery.DiscoveryClient - Shutting down DiscoveryClient ...
2026-02-28 22:57:54 [SpringApplicationShutdownHook] INFO  [] c.netflix.discovery.DiscoveryClient - Unregistering ...
2026-02-28 22:57:54 [SpringApplicationShutdownHook] INFO  [] c.n.d.s.t.d.RedirectingEurekaHttpClient - Request execution error. endpoint=DefaultEndpoint{ serviceUrl='http://localhost:8761/eureka/} exception=I/O error on DELETE request for "http://localhost:8761/eureka/apps/DOCTOR-SERVICE/localhost:doctor-service:8082": Connect to http://localhost:8761 failed: Connection refused: getsockopt stacktrace=org.springframework.web.client.ResourceAccessException: I/O error on DELETE request for "http://localhost:8761/eureka/apps/DOCTOR-SERVICE/localhost:doctor-service:8082": Connect to http://localhost:8761 failed: Connection refused: getsockopt
	at org.springframework.web.client.RestTemplate.createResourceAccessException(RestTemplate.java:926)
	at org.springframework.web.client.RestTemplate.doExecute(RestTemplate.java:906)
	at org.springframework.web.client.RestTemplate.execute(RestTemplate.java:841)
	at org.springframework.web.client.RestTemplate.exchange(RestTemplate.java:702)
	at org.springframework.cloud.netflix.eureka.http.RestTemplateEurekaHttpClient.cancel(RestTemplateEurekaHttpClient.java:100)
	at com.netflix.discovery.shared.transport.decorator.EurekaHttpClientDecorator$2.execute(EurekaHttpClientDecorator.java:74)
	at com.netflix.discovery.shared.transport.decorator.RedirectingEurekaHttpClient.execute(RedirectingEurekaHttpClient.java:91)
	at com.netflix.discovery.shared.transport.decorator.EurekaHttpClientDecorator.cancel(EurekaHttpClientDecorator.java:71)
	at com.netflix.discovery.shared.transport.decorator.EurekaHttpClientDecorator$2.execute(EurekaHttpClientDecorator.java:74)
	at com.netflix.discovery.shared.transport.decorator.RetryableEurekaHttpClient.execute(RetryableEurekaHttpClient.java:120)
	at com.netflix.discovery.shared.transport.decorator.EurekaHttpClientDecorator.cancel(EurekaHttpClientDecorator.java:71)
	at com.netflix.discovery.shared.transport.decorator.EurekaHttpClientDecorator$2.execute(EurekaHttpClientDecorator.java:74)
	at com.netflix.discovery.shared.transport.decorator.SessionedEurekaHttpClient.execute(SessionedEurekaHttpClient.java:76)
	at com.netflix.discovery.shared.transport.decorator.EurekaHttpClientDecorator.cancel(EurekaHttpClientDecorator.java:71)
	at com.netflix.discovery.DiscoveryClient.unregister(DiscoveryClient.java:919)
	at com.netflix.discovery.DiscoveryClient.shutdown(DiscoveryClient.java:900)
	at java.base/jdk.internal.reflect.DirectMethodHandleAccessor.invoke(DirectMethodHandleAccessor.java:104)
	at java.base/java.lang.reflect.Method.invoke(Method.java:565)
	at org.springframework.beans.factory.annotation.InitDestroyAnnotationBeanPostProcessor$LifecycleMethod.invoke(InitDestroyAnnotationBeanPostProcessor.java:457)
	at org.springframework.beans.factory.annotation.InitDestroyAnnotationBeanPostProcessor$LifecycleMetadata.invokeDestroyMethods(InitDestroyAnnotationBeanPostProcessor.java:415)
	at org.springframework.beans.factory.annotation.InitDestroyAnnotationBeanPostProcessor.postProcessBeforeDestruction(InitDestroyAnnotationBeanPostProcessor.java:239)
	at org.springframework.beans.factory.support.DisposableBeanAdapter.destroy(DisposableBeanAdapter.java:203)
	at org.springframework.beans.factory.support.DisposableBeanAdapter.run(DisposableBeanAdapter.java:196)
	at org.springframework.cloud.context.scope.GenericScope$BeanLifecycleWrapper.destroy(GenericScope.java:387)
	at org.springframework.cloud.context.scope.GenericScope.destroy(GenericScope.java:134)
	at org.springframework.beans.factory.support.DisposableBeanAdapter.destroy(DisposableBeanAdapter.java:212)
	at org.springframework.beans.factory.support.DefaultSingletonBeanRegistry.destroyBean(DefaultSingletonBeanRegistry.java:798)
	at org.springframework.beans.factory.support.DefaultSingletonBeanRegistry.destroySingleton(DefaultSingletonBeanRegistry.java:748)
	at org.springframework.beans.factory.support.DefaultListableBeanFactory.destroySingleton(DefaultListableBeanFactory.java:1499)
	at org.springframework.beans.factory.support.DefaultSingletonBeanRegistry.destroySingletons(DefaultSingletonBeanRegistry.java:707)
	at org.springframework.beans.factory.support.DefaultListableBeanFactory.destroySingletons(DefaultListableBeanFactory.java:1492)
	at org.springframework.context.support.AbstractApplicationContext.destroyBeans(AbstractApplicationContext.java:1222)
	at org.springframework.context.support.AbstractApplicationContext.doClose(AbstractApplicationContext.java:1183)
	at org.springframework.boot.web.servlet.context.ServletWebServerApplicationContext.doClose(ServletWebServerApplicationContext.java:179)
	at org.springframework.context.support.AbstractApplicationContext.close(AbstractApplicationContext.java:1129)
	at org.springframework.boot.SpringApplicationShutdownHook.closeAndWait(SpringApplicationShutdownHook.java:147)
	at java.base/java.lang.Iterable.forEach(Iterable.java:75)
	at org.springframework.boot.SpringApplicationShutdownHook.run(SpringApplicationShutdownHook.java:116)
	at java.base/java.lang.Thread.run(Thread.java:1447)
Caused by: org.apache.hc.client5.http.HttpHostConnectException: Connect to http://localhost:8761 failed: Connection refused: getsockopt
	at java.base/sun.nio.ch.Net.pollConnect(Native Method)
	at java.base/sun.nio.ch.Net.pollConnectNow(Net.java:628)
	at java.base/sun.nio.ch.NioSocketImpl.timedFinishConnect(NioSocketImpl.java:533)
	at java.base/sun.nio.ch.NioSocketImpl.connect(NioSocketImpl.java:583)
	at java.base/java.net.SocksSocketImpl.connect(SocksSocketImpl.java:282)
	at java.base/java.net.Socket.connect(Socket.java:665)
	at org.apache.hc.client5.http.impl.io.DefaultHttpClientConnectionOperator.connect(DefaultHttpClientConnectionOperator.java:215)
	at org.apache.hc.client5.http.impl.io.PoolingHttpClientConnectionManager.connect(PoolingHttpClientConnectionManager.java:497)
	at org.apache.hc.client5.http.impl.classic.InternalExecRuntime.connectEndpoint(InternalExecRuntime.java:164)
	at org.apache.hc.client5.http.impl.classic.InternalExecRuntime.connectEndpoint(InternalExecRuntime.java:174)
	at org.apache.hc.client5.http.impl.classic.ConnectExec.execute(ConnectExec.java:144)
	at org.apache.hc.client5.http.impl.classic.ExecChainElement.execute(ExecChainElement.java:51)
	at org.apache.hc.client5.http.impl.classic.ProtocolExec.execute(ProtocolExec.java:195)
	at org.apache.hc.client5.http.impl.classic.ExecChainElement.execute(ExecChainElement.java:51)
	at org.apache.hc.client5.http.impl.classic.ContentCompressionExec.execute(ContentCompressionExec.java:151)
	at org.apache.hc.client5.http.impl.classic.ExecChainElement.execute(ExecChainElement.java:51)
	at org.apache.hc.client5.http.impl.classic.HttpRequestRetryExec.execute(HttpRequestRetryExec.java:112)
	at org.apache.hc.client5.http.impl.classic.ExecChainElement.execute(ExecChainElement.java:51)
	at org.apache.hc.client5.http.impl.classic.RedirectExec.execute(RedirectExec.java:110)
	at org.apache.hc.client5.http.impl.classic.ExecChainElement.execute(ExecChainElement.java:51)
	at org.apache.hc.client5.http.impl.classic.InternalHttpClient.doExecute(InternalHttpClient.java:185)
	at org.apache.hc.client5.http.impl.classic.CloseableHttpClient.execute(CloseableHttpClient.java:87)
	at org.apache.hc.client5.http.impl.classic.CloseableHttpClient.execute(CloseableHttpClient.java:55)
	at org.apache.hc.client5.http.classic.HttpClient.executeOpen(HttpClient.java:183)
	at org.springframework.http.client.HttpComponentsClientHttpRequest.executeInternal(HttpComponentsClientHttpRequest.java:99)
	at org.springframework.http.client.AbstractStreamingClientHttpRequest.executeInternal(AbstractStreamingClientHttpRequest.java:88)
	at org.springframework.http.client.AbstractClientHttpRequest.execute(AbstractClientHttpRequest.java:81)
	at org.springframework.http.client.InterceptingClientHttpRequest$InterceptingRequestExecution.execute(InterceptingClientHttpRequest.java:117)
	at org.springframework.cloud.netflix.eureka.http.RestTemplateTransportClientFactory.lambda$restTemplate$2(RestTemplateTransportClientFactory.java:145)
	at org.springframework.http.client.InterceptingClientHttpRequest$InterceptingRequestExecution.execute(InterceptingClientHttpRequest.java:88)
	at org.springframework.http.client.InterceptingClientHttpRequest.executeInternal(InterceptingClientHttpRequest.java:72)
	at org.springframework.http.client.AbstractBufferingClientHttpRequest.executeInternal(AbstractBufferingClientHttpRequest.java:48)
	at org.springframework.http.client.AbstractClientHttpRequest.execute(AbstractClientHttpRequest.java:81)
	at org.springframework.web.client.RestTemplate.doExecute(RestTemplate.java:900)
	... 37 more

2026-02-28 22:57:54 [SpringApplicationShutdownHook] WARN  [] c.n.d.s.t.d.RetryableEurekaHttpClient - Request execution failed with message: I/O error on DELETE request for "http://localhost:8761/eureka/apps/DOCTOR-SERVICE/localhost:doctor-service:8082": Connect to http://localhost:8761 failed: Connection refused: getsockopt
2026-02-28 22:57:54 [SpringApplicationShutdownHook] INFO  [] c.n.d.s.t.d.RedirectingEurekaHttpClient - Request execution error. endpoint=DefaultEndpoint{ serviceUrl='http://localhost:8761/eureka/}, exception=I/O error on DELETE request for "http://localhost:8761/eureka/apps/DOCTOR-SERVICE/localhost:doctor-service:8082": Connect to http://localhost:8761 failed: Connection refused: getsockopt stacktrace=org.springframework.web.client.ResourceAccessException: I/O error on DELETE request for "http://localhost:8761/eureka/apps/DOCTOR-SERVICE/localhost:doctor-service:8082": Connect to http://localhost:8761 failed: Connection refused: getsockopt
	at org.springframework.web.client.RestTemplate.createResourceAccessException(RestTemplate.java:926)
	at org.springframework.web.client.RestTemplate.doExecute(RestTemplate.java:906)
	at org.springframework.web.client.RestTemplate.execute(RestTemplate.java:841)
	at org.springframework.web.client.RestTemplate.exchange(RestTemplate.java:702)
	at org.springframework.cloud.netflix.eureka.http.RestTemplateEurekaHttpClient.cancel(RestTemplateEurekaHttpClient.java:100)
	at com.netflix.discovery.shared.transport.decorator.EurekaHttpClientDecorator$2.execute(EurekaHttpClientDecorator.java:74)
	at com.netflix.discovery.shared.transport.decorator.RedirectingEurekaHttpClient.executeOnNewServer(RedirectingEurekaHttpClient.java:121)
	at com.netflix.discovery.shared.transport.decorator.RedirectingEurekaHttpClient.execute(RedirectingEurekaHttpClient.java:80)
	at com.netflix.discovery.shared.transport.decorator.EurekaHttpClientDecorator.cancel(EurekaHttpClientDecorator.java:71)
	at com.netflix.discovery.shared.transport.decorator.EurekaHttpClientDecorator$2.execute(EurekaHttpClientDecorator.java:74)
	at com.netflix.discovery.shared.transport.decorator.RetryableEurekaHttpClient.execute(RetryableEurekaHttpClient.java:120)
	at com.netflix.discovery.shared.transport.decorator.EurekaHttpClientDecorator.cancel(EurekaHttpClientDecorator.java:71)
	at com.netflix.discovery.shared.transport.decorator.EurekaHttpClientDecorator$2.execute(EurekaHttpClientDecorator.java:74)
	at com.netflix.discovery.shared.transport.decorator.SessionedEurekaHttpClient.execute(SessionedEurekaHttpClient.java:76)
	at com.netflix.discovery.shared.transport.decorator.EurekaHttpClientDecorator.cancel(EurekaHttpClientDecorator.java:71)
	at com.netflix.discovery.DiscoveryClient.unregister(DiscoveryClient.java:919)
	at com.netflix.discovery.DiscoveryClient.shutdown(DiscoveryClient.java:900)
	at java.base/jdk.internal.reflect.DirectMethodHandleAccessor.invoke(DirectMethodHandleAccessor.java:104)
	at java.base/java.lang.reflect.Method.invoke(Method.java:565)
	at org.springframework.beans.factory.annotation.InitDestroyAnnotationBeanPostProcessor$LifecycleMethod.invoke(InitDestroyAnnotationBeanPostProcessor.java:457)
	at org.springframework.beans.factory.annotation.InitDestroyAnnotationBeanPostProcessor$LifecycleMetadata.invokeDestroyMethods(InitDestroyAnnotationBeanPostProcessor.java:415)
	at org.springframework.beans.factory.annotation.InitDestroyAnnotationBeanPostProcessor.postProcessBeforeDestruction(InitDestroyAnnotationBeanPostProcessor.java:239)
	at org.springframework.beans.factory.support.DisposableBeanAdapter.destroy(DisposableBeanAdapter.java:203)
	at org.springframework.beans.factory.support.DisposableBeanAdapter.run(DisposableBeanAdapter.java:196)
	at org.springframework.cloud.context.scope.GenericScope$BeanLifecycleWrapper.destroy(GenericScope.java:387)
	at org.springframework.cloud.context.scope.GenericScope.destroy(GenericScope.java:134)
	at org.springframework.beans.factory.support.DisposableBeanAdapter.destroy(DisposableBeanAdapter.java:212)
	at org.springframework.beans.factory.support.DefaultSingletonBeanRegistry.destroyBean(DefaultSingletonBeanRegistry.java:798)
	at org.springframework.beans.factory.support.DefaultSingletonBeanRegistry.destroySingleton(DefaultSingletonBeanRegistry.java:748)
	at org.springframework.beans.factory.support.DefaultListableBeanFactory.destroySingleton(DefaultListableBeanFactory.java:1499)
	at org.springframework.beans.factory.support.DefaultSingletonBeanRegistry.destroySingletons(DefaultSingletonBeanRegistry.java:707)
	at org.springframework.beans.factory.support.DefaultListableBeanFactory.destroySingletons(DefaultListableBeanFactory.java:1492)
	at org.springframework.context.support.AbstractApplicationContext.destroyBeans(AbstractApplicationContext.java:1222)
	at org.springframework.context.support.AbstractApplicationContext.doClose(AbstractApplicationContext.java:1183)
	at org.springframework.boot.web.servlet.context.ServletWebServerApplicationContext.doClose(ServletWebServerApplicationContext.java:179)
	at org.springframework.context.support.AbstractApplicationContext.close(AbstractApplicationContext.java:1129)
	at org.springframework.boot.SpringApplicationShutdownHook.closeAndWait(SpringApplicationShutdownHook.java:147)
	at java.base/java.lang.Iterable.forEach(Iterable.java:75)
	at org.springframework.boot.SpringApplicationShutdownHook.run(SpringApplicationShutdownHook.java:116)
	at java.base/java.lang.Thread.run(Thread.java:1447)
Caused by: org.apache.hc.client5.http.HttpHostConnectException: Connect to http://localhost:8761 failed: Connection refused: getsockopt
	at java.base/sun.nio.ch.Net.pollConnect(Native Method)
	at java.base/sun.nio.ch.Net.pollConnectNow(Net.java:628)
	at java.base/sun.nio.ch.NioSocketImpl.timedFinishConnect(NioSocketImpl.java:533)
	at java.base/sun.nio.ch.NioSocketImpl.connect(NioSocketImpl.java:583)
	at java.base/java.net.SocksSocketImpl.connect(SocksSocketImpl.java:282)
	at java.base/java.net.Socket.connect(Socket.java:665)
	at org.apache.hc.client5.http.impl.io.DefaultHttpClientConnectionOperator.connect(DefaultHttpClientConnectionOperator.java:215)
	at org.apache.hc.client5.http.impl.io.PoolingHttpClientConnectionManager.connect(PoolingHttpClientConnectionManager.java:497)
	at org.apache.hc.client5.http.impl.classic.InternalExecRuntime.connectEndpoint(InternalExecRuntime.java:164)
	at org.apache.hc.client5.http.impl.classic.InternalExecRuntime.connectEndpoint(InternalExecRuntime.java:174)
	at org.apache.hc.client5.http.impl.classic.ConnectExec.execute(ConnectExec.java:144)
	at org.apache.hc.client5.http.impl.classic.ExecChainElement.execute(ExecChainElement.java:51)
	at org.apache.hc.client5.http.impl.classic.ProtocolExec.execute(ProtocolExec.java:195)
	at org.apache.hc.client5.http.impl.classic.ExecChainElement.execute(ExecChainElement.java:51)
	at org.apache.hc.client5.http.impl.classic.ContentCompressionExec.execute(ContentCompressionExec.java:151)
	at org.apache.hc.client5.http.impl.classic.ExecChainElement.execute(ExecChainElement.java:51)
	at org.apache.hc.client5.http.impl.classic.HttpRequestRetryExec.execute(HttpRequestRetryExec.java:112)
	at org.apache.hc.client5.http.impl.classic.ExecChainElement.execute(ExecChainElement.java:51)
	at org.apache.hc.client5.http.impl.classic.RedirectExec.execute(RedirectExec.java:110)
	at org.apache.hc.client5.http.impl.classic.ExecChainElement.execute(ExecChainElement.java:51)
	at org.apache.hc.client5.http.impl.classic.InternalHttpClient.doExecute(InternalHttpClient.java:185)
	at org.apache.hc.client5.http.impl.classic.CloseableHttpClient.execute(CloseableHttpClient.java:87)
	at org.apache.hc.client5.http.impl.classic.CloseableHttpClient.execute(CloseableHttpClient.java:55)
	at org.apache.hc.client5.http.classic.HttpClient.executeOpen(HttpClient.java:183)
	at org.springframework.http.client.HttpComponentsClientHttpRequest.executeInternal(HttpComponentsClientHttpRequest.java:99)
	at org.springframework.http.client.AbstractStreamingClientHttpRequest.executeInternal(AbstractStreamingClientHttpRequest.java:88)
	at org.springframework.http.client.AbstractClientHttpRequest.execute(AbstractClientHttpRequest.java:81)
	at org.springframework.http.client.InterceptingClientHttpRequest$InterceptingRequestExecution.execute(InterceptingClientHttpRequest.java:117)
	at org.springframework.cloud.netflix.eureka.http.RestTemplateTransportClientFactory.lambda$restTemplate$2(RestTemplateTransportClientFactory.java:145)
	at org.springframework.http.client.InterceptingClientHttpRequest$InterceptingRequestExecution.execute(InterceptingClientHttpRequest.java:88)
	at org.springframework.http.client.InterceptingClientHttpRequest.executeInternal(InterceptingClientHttpRequest.java:72)
	at org.springframework.http.client.AbstractBufferingClientHttpRequest.executeInternal(AbstractBufferingClientHttpRequest.java:48)
	at org.springframework.http.client.AbstractClientHttpRequest.execute(AbstractClientHttpRequest.java:81)
	at org.springframework.web.client.RestTemplate.doExecute(RestTemplate.java:900)
	... 38 more

2026-02-28 22:57:54 [SpringApplicationShutdownHook] WARN  [] c.n.d.s.t.d.RetryableEurekaHttpClient - Request execution failed with message: I/O error on DELETE request for "http://localhost:8761/eureka/apps/DOCTOR-SERVICE/localhost:doctor-service:8082": Connect to http://localhost:8761 failed: Connection refused: getsockopt
2026-02-28 22:57:54 [SpringApplicationShutdownHook] ERROR [] c.netflix.discovery.DiscoveryClient - DiscoveryClient_DOCTOR-SERVICE/localhost:doctor-service:8082 - de-registration failedCannot execute request on any known server
com.netflix.discovery.shared.transport.TransportException: Cannot execute request on any known server
	at com.netflix.discovery.shared.transport.decorator.RetryableEurekaHttpClient.execute(RetryableEurekaHttpClient.java:112)
	at com.netflix.discovery.shared.transport.decorator.EurekaHttpClientDecorator.cancel(EurekaHttpClientDecorator.java:71)
	at com.netflix.discovery.shared.transport.decorator.EurekaHttpClientDecorator$2.execute(EurekaHttpClientDecorator.java:74)
	at com.netflix.discovery.shared.transport.decorator.SessionedEurekaHttpClient.execute(SessionedEurekaHttpClient.java:76)
	at com.netflix.discovery.shared.transport.decorator.EurekaHttpClientDecorator.cancel(EurekaHttpClientDecorator.java:71)
	at com.netflix.discovery.DiscoveryClient.unregister(DiscoveryClient.java:919)
	at com.netflix.discovery.DiscoveryClient.shutdown(DiscoveryClient.java:900)
	at java.base/jdk.internal.reflect.DirectMethodHandleAccessor.invoke(DirectMethodHandleAccessor.java:104)
	at java.base/java.lang.reflect.Method.invoke(Method.java:565)
	at org.springframework.beans.factory.annotation.InitDestroyAnnotationBeanPostProcessor$LifecycleMethod.invoke(InitDestroyAnnotationBeanPostProcessor.java:457)
	at org.springframework.beans.factory.annotation.InitDestroyAnnotationBeanPostProcessor$LifecycleMetadata.invokeDestroyMethods(InitDestroyAnnotationBeanPostProcessor.java:415)
	at org.springframework.beans.factory.annotation.InitDestroyAnnotationBeanPostProcessor.postProcessBeforeDestruction(InitDestroyAnnotationBeanPostProcessor.java:239)
	at org.springframework.beans.factory.support.DisposableBeanAdapter.destroy(DisposableBeanAdapter.java:203)
	at org.springframework.beans.factory.support.DisposableBeanAdapter.run(DisposableBeanAdapter.java:196)
	at org.springframework.cloud.context.scope.GenericScope$BeanLifecycleWrapper.destroy(GenericScope.java:387)
	at org.springframework.cloud.context.scope.GenericScope.destroy(GenericScope.java:134)
	at org.springframework.beans.factory.support.DisposableBeanAdapter.destroy(DisposableBeanAdapter.java:212)
	at org.springframework.beans.factory.support.DefaultSingletonBeanRegistry.destroyBean(DefaultSingletonBeanRegistry.java:798)
	at org.springframework.beans.factory.support.DefaultSingletonBeanRegistry.destroySingleton(DefaultSingletonBeanRegistry.java:748)
	at org.springframework.beans.factory.support.DefaultListableBeanFactory.destroySingleton(DefaultListableBeanFactory.java:1499)
	at org.springframework.beans.factory.support.DefaultSingletonBeanRegistry.destroySingletons(DefaultSingletonBeanRegistry.java:707)
	at org.springframework.beans.factory.support.DefaultListableBeanFactory.destroySingletons(DefaultListableBeanFactory.java:1492)
	at org.springframework.context.support.AbstractApplicationContext.destroyBeans(AbstractApplicationContext.java:1222)
	at org.springframework.context.support.AbstractApplicationContext.doClose(AbstractApplicationContext.java:1183)
	at org.springframework.boot.web.servlet.context.ServletWebServerApplicationContext.doClose(ServletWebServerApplicationContext.java:179)
	at org.springframework.context.support.AbstractApplicationContext.close(AbstractApplicationContext.java:1129)
	at org.springframework.boot.SpringApplicationShutdownHook.closeAndWait(SpringApplicationShutdownHook.java:147)
	at java.base/java.lang.Iterable.forEach(Iterable.java:75)
	at org.springframework.boot.SpringApplicationShutdownHook.run(SpringApplicationShutdownHook.java:116)
	at java.base/java.lang.Thread.run(Thread.java:1447)
2026-02-28 22:57:54 [SpringApplicationShutdownHook] INFO  [] c.netflix.discovery.DiscoveryClient - Completed shut down of DiscoveryClient
